c:\users\administrator\desktop\agora\advanced-video-maste2r\advanced-video-master\windows\agora-media-source-windows\release\agoramediasource.ipdb
c:\users\administrator\desktop\agora\advanced-video-maste2r\advanced-video-master\windows\agora-media-source-windows\release\agoramediasource.iobj
c:\users\administrator\desktop\agora\advanced-video-maste2r\advanced-video-master\windows\agora-media-source-windows\agoramediasource\release\agoramediasource.pch
c:\users\administrator\desktop\agora\advanced-video-maste2r\advanced-video-master\windows\agora-media-source-windows\agoramediasource\release\vc141.pdb
c:\users\administrator\desktop\agora\advanced-video-maste2r\advanced-video-master\windows\agora-media-source-windows\agoramediasource\release\stdafx.obj
c:\users\administrator\desktop\agora\advanced-video-maste2r\advanced-video-master\windows\agora-media-source-windows\agoramediasource\release\agoramediasourcedlg.obj
c:\users\administrator\desktop\agora\advanced-video-maste2r\advanced-video-master\windows\agora-media-source-windows\agoramediasource\release\agoramediasource.obj
c:\users\administrator\desktop\agora\advanced-video-maste2r\advanced-video-master\windows\agora-media-source-windows\agoramediasource\release\extendvideoframeobserver.obj
c:\users\administrator\desktop\agora\advanced-video-maste2r\advanced-video-master\windows\agora-media-source-windows\agoramediasource\release\extcapturedlg.obj
c:\users\administrator\desktop\agora\advanced-video-maste2r\advanced-video-master\windows\agora-media-source-windows\agoramediasource\release\dskcapsetdlg.obj
c:\users\administrator\desktop\agora\advanced-video-maste2r\advanced-video-master\windows\agora-media-source-windows\agoramediasource\release\dshowhelper.obj
c:\users\administrator\desktop\agora\advanced-video-maste2r\advanced-video-master\windows\agora-media-source-windows\agoramediasource\release\agvideobuffer.obj
c:\users\administrator\desktop\agora\advanced-video-maste2r\advanced-video-master\windows\agora-media-source-windows\agoramediasource\release\agoraobject.obj
c:\users\administrator\desktop\agora\advanced-video-maste2r\advanced-video-master\windows\agora-media-source-windows\agoramediasource\release\agoraplayoutmanager.obj
c:\users\administrator\desktop\agora\advanced-video-maste2r\advanced-video-master\windows\agora-media-source-windows\agoramediasource\release\agoracameramanager.obj
c:\users\administrator\desktop\agora\advanced-video-maste2r\advanced-video-master\windows\agora-media-source-windows\agoramediasource\release\agoraaudinputmanager.obj
c:\users\administrator\desktop\agora\advanced-video-maste2r\advanced-video-master\windows\agora-media-source-windows\agoramediasource\release\aglinkctrl.obj
c:\users\administrator\desktop\agora\advanced-video-maste2r\advanced-video-master\windows\agora-media-source-windows\agoramediasource\release\aghyperlink.obj
c:\users\administrator\desktop\agora\advanced-video-maste2r\advanced-video-master\windows\agora-media-source-windows\agoramediasource\release\agengineeventhandler.obj
c:\users\administrator\desktop\agora\advanced-video-maste2r\advanced-video-master\windows\agora-media-source-windows\agoramediasource\release\agedit.obj
c:\users\administrator\desktop\agora\advanced-video-maste2r\advanced-video-master\windows\agora-media-source-windows\agoramediasource\release\agdshowvideocapture.obj
c:\users\administrator\desktop\agora\advanced-video-maste2r\advanced-video-master\windows\agora-media-source-windows\agoramediasource\release\agdesktopcapturedlg.obj
c:\users\administrator\desktop\agora\advanced-video-maste2r\advanced-video-master\windows\agora-media-source-windows\agoramediasource\release\agconfig.obj
c:\users\administrator\desktop\agora\advanced-video-maste2r\advanced-video-master\windows\agora-media-source-windows\agoramediasource\release\agcombobox.obj
c:\users\administrator\desktop\agora\advanced-video-maste2r\advanced-video-master\windows\agora-media-source-windows\agoramediasource\release\agbutton.obj
c:\users\administrator\desktop\agora\advanced-video-maste2r\advanced-video-master\windows\agora-media-source-windows\agoramediasource\release\video_preprocessing_plugin.obj
c:\users\administrator\desktop\agora\advanced-video-maste2r\advanced-video-master\windows\agora-media-source-windows\agoramediasource\release\videodlg.obj
c:\users\administrator\desktop\agora\advanced-video-maste2r\advanced-video-master\windows\agora-media-source-windows\agoramediasource\release\setupdlg.obj
c:\users\administrator\desktop\agora\advanced-video-maste2r\advanced-video-master\windows\agora-media-source-windows\agoramediasource\release\logodlg.obj
c:\users\administrator\desktop\agora\advanced-video-maste2r\advanced-video-master\windows\agora-media-source-windows\agoramediasource\release\languageset.obj
c:\users\administrator\desktop\agora\advanced-video-maste2r\advanced-video-master\windows\agora-media-source-windows\agoramediasource\release\enterchanneldlg.obj
c:\users\administrator\desktop\agora\advanced-video-maste2r\advanced-video-master\windows\agora-media-source-windows\agoramediasource\release\devicedlg.obj
c:\users\administrator\desktop\agora\advanced-video-maste2r\advanced-video-master\windows\agora-media-source-windows\agoramediasource\release\chatdlg.obj
c:\users\administrator\desktop\agora\advanced-video-maste2r\advanced-video-master\windows\agora-media-source-windows\agoramediasource\release\agvideownd.obj
c:\users\administrator\desktop\agora\advanced-video-maste2r\advanced-video-master\windows\agora-media-source-windows\agoramediasource\release\agvideotestwnd.obj
c:\users\administrator\desktop\agora\advanced-video-maste2r\advanced-video-master\windows\agora-media-source-windows\agoramediasource\release\agsliderctrl.obj
c:\users\administrator\desktop\agora\advanced-video-maste2r\advanced-video-master\windows\agora-media-source-windows\agoramediasource\release\agscreencapturedlg.obj
c:\users\administrator\desktop\agora\advanced-video-maste2r\advanced-video-master\windows\agora-media-source-windows\agoramediasource\release\agresourcevisitor.obj
c:\users\administrator\desktop\agora\advanced-video-maste2r\advanced-video-master\windows\agora-media-source-windows\agoramediasource\release\capture-filter.obj
c:\users\administrator\desktop\agora\advanced-video-maste2r\advanced-video-master\windows\agora-media-source-windows\release\agoramediasource.exe
c:\users\administrator\desktop\agora\advanced-video-maste2r\advanced-video-master\windows\agora-media-source-windows\release\agoramediasource.pdb
c:\users\administrator\desktop\agora\advanced-video-maste2r\advanced-video-master\windows\agora-media-source-windows\agoramediasource\release\agoramediasource.res
c:\users\administrator\desktop\agora\advanced-video-maste2r\advanced-video-master\windows\agora-media-source-windows\agoramediasource\release\agoramediasource.tlog\agoramediasource.write.1u.tlog
c:\users\administrator\desktop\agora\advanced-video-maste2r\advanced-video-master\windows\agora-media-source-windows\agoramediasource\release\agoramediasource.tlog\cl.command.1.tlog
c:\users\administrator\desktop\agora\advanced-video-maste2r\advanced-video-master\windows\agora-media-source-windows\agoramediasource\release\agoramediasource.tlog\cl.read.1.tlog
c:\users\administrator\desktop\agora\advanced-video-maste2r\advanced-video-master\windows\agora-media-source-windows\agoramediasource\release\agoramediasource.tlog\cl.write.1.tlog
c:\users\administrator\desktop\agora\advanced-video-maste2r\advanced-video-master\windows\agora-media-source-windows\agoramediasource\release\agoramediasource.tlog\link.command.1.tlog
c:\users\administrator\desktop\agora\advanced-video-maste2r\advanced-video-master\windows\agora-media-source-windows\agoramediasource\release\agoramediasource.tlog\link.read.1.tlog
c:\users\administrator\desktop\agora\advanced-video-maste2r\advanced-video-master\windows\agora-media-source-windows\agoramediasource\release\agoramediasource.tlog\link.write.1.tlog
c:\users\administrator\desktop\agora\advanced-video-maste2r\advanced-video-master\windows\agora-media-source-windows\agoramediasource\release\agoramediasource.tlog\rc.command.1.tlog
c:\users\administrator\desktop\agora\advanced-video-maste2r\advanced-video-master\windows\agora-media-source-windows\agoramediasource\release\agoramediasource.tlog\rc.read.1.tlog
c:\users\administrator\desktop\agora\advanced-video-maste2r\advanced-video-master\windows\agora-media-source-windows\agoramediasource\release\agoramediasource.tlog\rc.write.1.tlog
